<?xml version="1.0" ?>
<!DOCTYPE coverage SYSTEM "http://cobertura.sourceforge.net/xml/coverage-04.dtd">
<coverage lines-valid="73" lines-covered="72" line-rate="0.9863" branches-valid="47" branches-covered="42" branch-rate="0.8936" timestamp="1547007863375" complexity="0" version="0.1">
  <sources>
    <source>/Users/frenkris/playground/redditlite</source>
  </sources>
  <packages>
    <package name="store" line-rate="1" branch-rate="1">
      <classes>
        <class name="action-names.ts" filename="src/store/action-names.ts" line-rate="1" branch-rate="1">
          <methods>
            <method name="(anonymous_0)" hits="2" signature="()V">
              <lines>
                <line number="1" hits="2"/>
              </lines>
            </method>
          </methods>
          <lines>
            <line number="1" hits="2" branch="true" condition-coverage="100% (2/2)"/>
            <line number="2" hits="2" branch="false"/>
            <line number="3" hits="2" branch="false"/>
            <line number="4" hits="2" branch="false"/>
            <line number="5" hits="2" branch="false"/>
          </lines>
        </class>
        <class name="reducers.ts" filename="src/store/reducers.ts" line-rate="1" branch-rate="1">
          <methods>
          </methods>
          <lines>
            <line number="1" hits="1" branch="false"/>
            <line number="2" hits="1" branch="false"/>
            <line number="4" hits="1" branch="false"/>
          </lines>
        </class>
      </classes>
    </package>
    <package name="store.subreddit" line-rate="1" branch-rate="1">
      <classes>
        <class name="index.ts" filename="src/store/subreddit/index.ts" line-rate="1" branch-rate="1">
          <methods>
            <method name="(anonymous_2)" hits="2" signature="()V">
              <lines>
                <line number="4" hits="2"/>
              </lines>
            </method>
            <method name="reducer" hits="5" signature="()V">
              <lines>
                <line number="16" hits="5"/>
              </lines>
            </method>
          </methods>
          <lines>
            <line number="2" hits="1" branch="false"/>
            <line number="4" hits="1" branch="false"/>
            <line number="5" hits="2" branch="false"/>
            <line number="16" hits="1" branch="false"/>
            <line number="17" hits="6" branch="true" condition-coverage="100% (2/2)"/>
            <line number="20" hits="5" branch="false"/>
            <line number="22" hits="1" branch="false"/>
            <line number="27" hits="1" branch="false"/>
            <line number="33" hits="1" branch="false"/>
            <line number="38" hits="1" branch="false"/>
            <line number="41" hits="1" branch="false"/>
          </lines>
        </class>
      </classes>
    </package>
    <package name="store.subreddit.actions" line-rate="1" branch-rate="0.8889">
      <classes>
        <class name="fetch-new-posts.ts" filename="src/store/subreddit/actions/fetch-new-posts.ts" line-rate="1" branch-rate="0.8889">
          <methods>
            <method name="(anonymous_12)" hits="8" signature="()V">
              <lines>
                <line number="16" hits="8"/>
              </lines>
            </method>
            <method name="(anonymous_13)" hits="8" signature="()V">
              <lines>
                <line number="23" hits="8"/>
              </lines>
            </method>
            <method name="(anonymous_16)" hits="7" signature="()V">
              <lines>
                <line number="73" hits="7"/>
              </lines>
            </method>
          </methods>
          <lines>
            <line number="1" hits="1" branch="false"/>
            <line number="2" hits="1" branch="false"/>
            <line number="3" hits="1" branch="false"/>
            <line number="4" hits="1" branch="false"/>
            <line number="14" hits="1" branch="false"/>
            <line number="16" hits="1" branch="false"/>
            <line number="17" hits="8" branch="false"/>
            <line number="18" hits="16" branch="true" condition-coverage="100% (2/2)"/>
            <line number="19" hits="16" branch="true" condition-coverage="100% (2/2)"/>
            <line number="20" hits="16" branch="true" condition-coverage="100% (2/2)"/>
            <line number="21" hits="16" branch="true" condition-coverage="100% (2/2)"/>
            <line number="23" hits="8" branch="false"/>
            <line number="25" hits="8" branch="false"/>
            <line number="27" hits="8" branch="false"/>
            <line number="31" hits="8" branch="false"/>
            <line number="33" hits="8" branch="true" condition-coverage="100% (2/2)"/>
            <line number="34" hits="7" branch="true" condition-coverage="100% (4/4)"/>
            <line number="35" hits="2" branch="false"/>
            <line number="39" hits="8" branch="false"/>
            <line number="44" hits="8" branch="false"/>
            <line number="51" hits="8" branch="true" condition-coverage="100% (2/2)"/>
            <line number="52" hits="1" branch="false"/>
            <line number="55" hits="1" branch="false"/>
            <line number="58" hits="7" branch="false"/>
            <line number="60" hits="7" branch="true" condition-coverage="100% (2/2)"/>
            <line number="61" hits="6" branch="true" condition-coverage="100% (4/4)"/>
            <line number="62" hits="1" branch="false"/>
            <line number="66" hits="7" branch="true" condition-coverage="100% (2/2)"/>
            <line number="67" hits="1" branch="false"/>
            <line number="70" hits="7" branch="true" condition-coverage="50% (1/2)"/>
            <line number="71" hits="7" branch="false"/>
            <line number="73" hits="7" branch="false"/>
            <line number="75" hits="7" branch="false"/>
            <line number="76" hits="7" branch="false"/>
            <line number="77" hits="7" branch="false"/>
            <line number="78" hits="7" branch="false"/>
            <line number="79" hits="14" branch="true" condition-coverage="50% (1/2)"/>
            <line number="80" hits="14" branch="true" condition-coverage="50% (1/2)"/>
            <line number="81" hits="14" branch="true" condition-coverage="50% (1/2)"/>
            <line number="82" hits="7" branch="false"/>
            <line number="83" hits="7" branch="false"/>
            <line number="85" hits="7" branch="false"/>
            <line number="98" hits="7" branch="false"/>
            <line number="99" hits="7" branch="false"/>
            <line number="104" hits="7" branch="false"/>
          </lines>
        </class>
      </classes>
    </package>
    <package name="utils" line-rate="0.8889" branch-rate="0.5">
      <classes>
        <class name="testing.ts" filename="src/utils/testing.ts" line-rate="0.8889" branch-rate="0.5">
          <methods>
            <method name="(anonymous_12)" hits="1" signature="()V">
              <lines>
                <line number="5" hits="1"/>
              </lines>
            </method>
            <method name="(anonymous_13)" hits="16" signature="()V">
              <lines>
                <line number="6" hits="16"/>
              </lines>
            </method>
            <method name="(anonymous_16)" hits="1" signature="()V">
              <lines>
                <line number="15" hits="1"/>
              </lines>
            </method>
            <method name="(anonymous_17)" hits="8" signature="()V">
              <lines>
                <line number="17" hits="8"/>
              </lines>
            </method>
          </methods>
          <lines>
            <line number="1" hits="1" branch="false"/>
            <line number="5" hits="1" branch="false"/>
            <line number="6" hits="1" branch="false"/>
            <line number="7" hits="16" branch="false"/>
            <line number="8" hits="0" branch="false"/>
            <line number="12" hits="1" branch="false"/>
            <line number="15" hits="1" branch="false"/>
            <line number="16" hits="1" branch="true" condition-coverage="50% (1/2)"/>
            <line number="17" hits="8" branch="false"/>
          </lines>
        </class>
      </classes>
    </package>
  </packages>
</coverage>
