{"total": {"lines":{"total":73,"covered":72,"skipped":0,"pct":98.63},"statements":{"total":77,"covered":75,"skipped":0,"pct":97.4},"functions":{"total":10,"covered":10,"skipped":0,"pct":100},"branches":{"total":47,"covered":42,"skipped":0,"pct":89.36}}
,"/Users/frenkris/playground/redditlite/src/store/action-names.ts": {"lines":{"total":5,"covered":5,"skipped":0,"pct":100},"functions":{"total":1,"covered":1,"skipped":0,"pct":100},"statements":{"total":5,"covered":5,"skipped":0,"pct":100},"branches":{"total":2,"covered":2,"skipped":0,"pct":100}}
,"/Users/frenkris/playground/redditlite/src/store/reducers.ts": {"lines":{"total":3,"covered":3,"skipped":0,"pct":100},"functions":{"total":0,"covered":0,"skipped":0,"pct":100},"statements":{"total":3,"covered":3,"skipped":0,"pct":100},"branches":{"total":0,"covered":0,"skipped":0,"pct":100}}
,"/Users/frenkris/playground/redditlite/src/store/subreddit/index.ts": {"lines":{"total":11,"covered":11,"skipped":0,"pct":100},"functions":{"total":2,"covered":2,"skipped":0,"pct":100},"statements":{"total":11,"covered":11,"skipped":0,"pct":100},"branches":{"total":7,"covered":7,"skipped":0,"pct":100}}
,"/Users/frenkris/playground/redditlite/src/store/subreddit/actions/fetch-new-posts.ts": {"lines":{"total":45,"covered":45,"skipped":0,"pct":100},"functions":{"total":3,"covered":3,"skipped":0,"pct":100},"statements":{"total":46,"covered":46,"skipped":0,"pct":100},"branches":{"total":36,"covered":32,"skipped":0,"pct":88.89}}
,"/Users/frenkris/playground/redditlite/src/utils/testing.ts": {"lines":{"total":9,"covered":8,"skipped":0,"pct":88.89},"functions":{"total":4,"covered":4,"skipped":0,"pct":100},"statements":{"total":12,"covered":10,"skipped":0,"pct":83.33},"branches":{"total":2,"covered":1,"skipped":0,"pct":50}}
}
