TN:
SF:/Users/frenkris/playground/redditlite/src/store/action-names.ts
FN:1,(anonymous_0)
FNF:1
FNH:1
FNDA:2,(anonymous_0)
DA:1,2
DA:2,2
DA:3,2
DA:4,2
DA:5,2
LF:5
LH:5
BRDA:1,0,0,2
BRDA:1,0,1,2
BRF:2
BRH:2
end_of_record
TN:
SF:/Users/frenkris/playground/redditlite/src/store/reducers.ts
FNF:0
FNH:0
DA:1,1
DA:2,1
DA:4,1
LF:3
LH:3
BRF:0
BRH:0
end_of_record
TN:
SF:/Users/frenkris/playground/redditlite/src/store/subreddit/index.ts
FN:4,(anonymous_2)
FN:16,reducer
FNF:2
FNH:2
FNDA:2,(anonymous_2)
FNDA:5,reducer
DA:2,1
DA:4,1
DA:5,2
DA:16,1
DA:17,6
DA:20,5
DA:22,1
DA:27,1
DA:33,1
DA:38,1
DA:41,1
LF:11
LH:11
BRDA:17,0,0,1
BRDA:17,0,1,4
BRDA:21,1,0,1
BRDA:21,1,1,1
BRDA:21,1,2,1
BRDA:21,1,3,1
BRDA:21,1,4,1
BRF:7
BRH:7
end_of_record
TN:
SF:/Users/frenkris/playground/redditlite/src/store/subreddit/actions/fetch-new-posts.ts
FN:16,(anonymous_12)
FN:23,(anonymous_13)
FN:73,(anonymous_16)
FNF:3
FNH:3
FNDA:8,(anonymous_12)
FNDA:8,(anonymous_13)
FNDA:7,(anonymous_16)
DA:1,1
DA:2,1
DA:3,1
DA:4,1
DA:14,1
DA:16,1
DA:17,8
DA:18,16
DA:19,16
DA:20,16
DA:21,16
DA:23,8
DA:25,8
DA:27,8
DA:31,8
DA:33,8
DA:34,7
DA:35,2
DA:39,8
DA:44,8
DA:51,8
DA:52,1
DA:55,1
DA:58,7
DA:60,7
DA:61,6
DA:62,1
DA:66,7
DA:67,1
DA:70,7
DA:71,7
DA:73,7
DA:75,7
DA:76,7
DA:77,7
DA:78,7
DA:79,14
DA:80,14
DA:81,14
DA:82,7
DA:83,7
DA:85,7
DA:98,7
DA:99,7
DA:104,7
LF:45
LH:45
BRDA:18,0,0,4
BRDA:18,0,1,4
BRDA:19,1,0,7
BRDA:19,1,1,1
BRDA:20,2,0,7
BRDA:20,2,1,1
BRDA:21,3,0,4
BRDA:21,3,1,4
BRDA:33,4,0,7
BRDA:33,4,1,1
BRDA:34,5,0,2
BRDA:34,5,1,5
BRDA:34,6,0,7
BRDA:34,6,1,3
BRDA:40,7,0,1
BRDA:40,7,1,7
BRDA:41,8,0,1
BRDA:41,8,1,7
BRDA:51,9,0,1
BRDA:51,9,1,7
BRDA:60,10,0,6
BRDA:60,10,1,1
BRDA:61,11,0,1
BRDA:61,11,1,5
BRDA:61,12,0,6
BRDA:61,12,1,3
BRDA:66,13,0,1
BRDA:66,13,1,6
BRDA:70,14,0,7
BRDA:70,14,1,0
BRDA:79,15,0,0
BRDA:79,15,1,7
BRDA:80,16,0,0
BRDA:80,16,1,7
BRDA:81,17,0,0
BRDA:81,17,1,7
BRF:36
BRH:32
end_of_record
TN:
SF:/Users/frenkris/playground/redditlite/src/utils/testing.ts
FN:5,(anonymous_12)
FN:6,(anonymous_13)
FN:15,(anonymous_16)
FN:17,(anonymous_17)
FNF:4
FNH:4
FNDA:1,(anonymous_12)
FNDA:16,(anonymous_13)
FNDA:1,(anonymous_16)
FNDA:8,(anonymous_17)
DA:1,1
DA:5,1
DA:6,1
DA:7,16
DA:8,0
DA:12,1
DA:15,1
DA:16,1
DA:17,8
LF:9
LH:8
BRDA:16,0,0,0
BRDA:16,0,1,1
BRF:2
BRH:1
end_of_record
